<?xml version="1.0" encoding="UTF-8"?>
<!-- Generated by org.testng.reporters.JUnitReportReporter -->
<testsuite hostname="semira-Inspiron-3505" failures="0" tests="2" name="org.minieacademy.DemoTest" time="12.311" errors="0" timestamp="2022-06-27T16:16:02 CEST" skipped="0">
  <testcase classname="org.minieacademy.DemoTest" name="flightTest" time="5.349"/>
  <system-out/>
  <testcase classname="org.minieacademy.DemoTest" name="flightTest" time="6.962"/>
  <system-out/>
</testsuite> <!-- org.minieacademy.DemoTest -->
