<?xml version="1.0" encoding="UTF-8"?>
<!-- Generated by org.testng.reporters.JUnitReportReporter -->
<testsuite hostname="semira-Inspiron-3505" failures="0" tests="2" name="org.minieacademy.DemoTest" time="18.234" errors="0" timestamp="2022-06-29T11:38:09 CEST" skipped="0">
  <testcase classname="org.minieacademy.DemoTest" name="flightTest" time="9.686"/>
  <system-out/>
  <testcase classname="org.minieacademy.DemoTest" name="flightTest" time="8.548"/>
  <system-out/>
</testsuite> <!-- org.minieacademy.DemoTest -->
